running develop
running egg_info
writing my_maze_package.egg-info/PKG-INFO
writing dependency_links to my_maze_package.egg-info/dependency_links.txt
writing entry points to my_maze_package.egg-info/entry_points.txt
writing requirements to my_maze_package.egg-info/requires.txt
writing top-level names to my_maze_package.egg-info/top_level.txt
reading manifest file 'my_maze_package.egg-info/SOURCES.txt'
writing manifest file 'my_maze_package.egg-info/SOURCES.txt'
running build_ext
Creating /home/arthur/ros2_ws/install/my_maze_package/lib/python3.10/site-packages/my-maze-package.egg-link (link to .)
Installing goal_publisher script to /home/arthur/ros2_ws/install/my_maze_package/lib/my_maze_package
Installing map_publisher script to /home/arthur/ros2_ws/install/my_maze_package/lib/my_maze_package
Installing maze_visualizer script to /home/arthur/ros2_ws/install/my_maze_package/lib/my_maze_package
Installing path_planner script to /home/arthur/ros2_ws/install/my_maze_package/lib/my_maze_package
Installing start_publisher script to /home/arthur/ros2_ws/install/my_maze_package/lib/my_maze_package

Installed /home/arthur/ros2_ws/build/my_maze_package
running symlink_data
symbolically linking /home/arthur/ros2_ws/build/my_maze_package/resource/my_maze_package -> /home/arthur/ros2_ws/install/my_maze_package/share/ament_index/resource_index/packages
symbolically linking /home/arthur/ros2_ws/build/my_maze_package/package.xml -> /home/arthur/ros2_ws/install/my_maze_package/share/my_maze_package
