[0.676s] Invoking command in '/home/arthur/ros2_ws/build/my_maze_package': PYTHONPATH=/home/arthur/ros2_ws/build/my_maze_package/prefix_override:/usr/lib/python3/dist-packages/colcon_core/task/python/colcon_distutils_commands:/home/arthur/ros2_ws/install/my_maze_package/lib/python3.10/site-packages:${PYTHONPATH} /usr/bin/python3 -W ignore:setup.py install is deprecated setup.py develop --editable --build-directory /home/arthur/ros2_ws/build/my_maze_package/build --no-deps symlink_data
[0.969s] running develop
[0.970s] /usr/lib/python3/dist-packages/setuptools/command/easy_install.py:158: EasyInstallDeprecationWarning: easy_install command is deprecated. Use build and pip and other standards-based tools.
[0.970s]   warnings.warn(
[1.158s] running egg_info
[1.158s] writing my_maze_package.egg-info/PKG-INFO
[1.159s] writing dependency_links to my_maze_package.egg-info/dependency_links.txt
[1.159s] writing entry points to my_maze_package.egg-info/entry_points.txt
[1.159s] writing requirements to my_maze_package.egg-info/requires.txt
[1.159s] writing top-level names to my_maze_package.egg-info/top_level.txt
[1.161s] reading manifest file 'my_maze_package.egg-info/SOURCES.txt'
[1.162s] writing manifest file 'my_maze_package.egg-info/SOURCES.txt'
[1.163s] running build_ext
[1.163s] Creating /home/arthur/ros2_ws/install/my_maze_package/lib/python3.10/site-packages/my-maze-package.egg-link (link to .)
[1.164s] Installing goal_publisher script to /home/arthur/ros2_ws/install/my_maze_package/lib/my_maze_package
[1.164s] Installing map_publisher script to /home/arthur/ros2_ws/install/my_maze_package/lib/my_maze_package
[1.164s] Installing maze_visualizer script to /home/arthur/ros2_ws/install/my_maze_package/lib/my_maze_package
[1.165s] Installing path_planner script to /home/arthur/ros2_ws/install/my_maze_package/lib/my_maze_package
[1.165s] Installing start_publisher script to /home/arthur/ros2_ws/install/my_maze_package/lib/my_maze_package
[1.165s] 
[1.165s] Installed /home/arthur/ros2_ws/build/my_maze_package
[1.165s] running symlink_data
[1.192s] Invoked command in '/home/arthur/ros2_ws/build/my_maze_package' returned '0': PYTHONPATH=/home/arthur/ros2_ws/build/my_maze_package/prefix_override:/usr/lib/python3/dist-packages/colcon_core/task/python/colcon_distutils_commands:/home/arthur/ros2_ws/install/my_maze_package/lib/python3.10/site-packages:${PYTHONPATH} /usr/bin/python3 -W ignore:setup.py install is deprecated setup.py develop --editable --build-directory /home/arthur/ros2_ws/build/my_maze_package/build --no-deps symlink_data
