[0.415s] Invoking command in '/home/arthur/ros2_ws/src/my_maze_package': PYTHONPATH=/home/arthur/ros2_ws/src/build/my_maze_package/prefix_override:/usr/lib/python3/dist-packages/colcon_core/task/python/colcon_distutils_commands:/home/arthur/ros2_ws/src/install/my_maze_package/lib/python3.10/site-packages:${PYTHONPATH} /usr/bin/python3 -W ignore:setup.py install is deprecated setup.py egg_info --egg-base ../build/my_maze_package build --build-base /home/arthur/ros2_ws/src/build/my_maze_package/build install --record /home/arthur/ros2_ws/src/build/my_maze_package/install.log --single-version-externally-managed install_data
[0.547s] running egg_info
[0.548s] creating ../build/my_maze_package/my_maze_package.egg-info
[0.548s] writing ../build/my_maze_package/my_maze_package.egg-info/PKG-INFO
[0.548s] writing dependency_links to ../build/my_maze_package/my_maze_package.egg-info/dependency_links.txt
[0.549s] writing entry points to ../build/my_maze_package/my_maze_package.egg-info/entry_points.txt
[0.549s] writing requirements to ../build/my_maze_package/my_maze_package.egg-info/requires.txt
[0.549s] writing top-level names to ../build/my_maze_package/my_maze_package.egg-info/top_level.txt
[0.549s] writing manifest file '../build/my_maze_package/my_maze_package.egg-info/SOURCES.txt'
[0.550s] reading manifest file '../build/my_maze_package/my_maze_package.egg-info/SOURCES.txt'
[0.551s] writing manifest file '../build/my_maze_package/my_maze_package.egg-info/SOURCES.txt'
[0.553s] running build
[0.553s] running build_py
[0.553s] creating /home/arthur/ros2_ws/src/build/my_maze_package/build
[0.553s] creating /home/arthur/ros2_ws/src/build/my_maze_package/build/lib
[0.554s] creating /home/arthur/ros2_ws/src/build/my_maze_package/build/lib/my_maze_package
[0.554s] copying my_maze_package/map_publisher.py -> /home/arthur/ros2_ws/src/build/my_maze_package/build/lib/my_maze_package
[0.554s] copying my_maze_package/__init__.py -> /home/arthur/ros2_ws/src/build/my_maze_package/build/lib/my_maze_package
[0.554s] running install
[0.554s] running install_lib
[0.555s] creating /home/arthur/ros2_ws/src/install/my_maze_package/lib/python3.10/site-packages/my_maze_package
[0.555s] copying /home/arthur/ros2_ws/src/build/my_maze_package/build/lib/my_maze_package/map_publisher.py -> /home/arthur/ros2_ws/src/install/my_maze_package/lib/python3.10/site-packages/my_maze_package
[0.555s] copying /home/arthur/ros2_ws/src/build/my_maze_package/build/lib/my_maze_package/__init__.py -> /home/arthur/ros2_ws/src/install/my_maze_package/lib/python3.10/site-packages/my_maze_package
[0.555s] byte-compiling /home/arthur/ros2_ws/src/install/my_maze_package/lib/python3.10/site-packages/my_maze_package/map_publisher.py to map_publisher.cpython-310.pyc
[0.556s] byte-compiling /home/arthur/ros2_ws/src/install/my_maze_package/lib/python3.10/site-packages/my_maze_package/__init__.py to __init__.cpython-310.pyc
[0.556s] running install_data
[0.556s] creating /home/arthur/ros2_ws/src/install/my_maze_package/share/ament_index
[0.556s] creating /home/arthur/ros2_ws/src/install/my_maze_package/share/ament_index/resource_index
[0.556s] creating /home/arthur/ros2_ws/src/install/my_maze_package/share/ament_index/resource_index/packages
[0.556s] copying resource/my_maze_package -> /home/arthur/ros2_ws/src/install/my_maze_package/share/ament_index/resource_index/packages
[0.557s] copying package.xml -> /home/arthur/ros2_ws/src/install/my_maze_package/share/my_maze_package
[0.557s] running install_egg_info
[0.558s] Copying ../build/my_maze_package/my_maze_package.egg-info to /home/arthur/ros2_ws/src/install/my_maze_package/lib/python3.10/site-packages/my_maze_package-0.0.0-py3.10.egg-info
[0.558s] running install_scripts
[0.571s] writing list of installed files to '/home/arthur/ros2_ws/src/build/my_maze_package/install.log'
[0.586s] Invoked command in '/home/arthur/ros2_ws/src/my_maze_package' returned '0': PYTHONPATH=/home/arthur/ros2_ws/src/build/my_maze_package/prefix_override:/usr/lib/python3/dist-packages/colcon_core/task/python/colcon_distutils_commands:/home/arthur/ros2_ws/src/install/my_maze_package/lib/python3.10/site-packages:${PYTHONPATH} /usr/bin/python3 -W ignore:setup.py install is deprecated setup.py egg_info --egg-base ../build/my_maze_package build --build-base /home/arthur/ros2_ws/src/build/my_maze_package/build install --record /home/arthur/ros2_ws/src/build/my_maze_package/install.log --single-version-externally-managed install_data
