[0.399s] Invoking command in '/home/arthur/ros2_ws/src/build/my_maze_package': PYTHONPATH=/home/arthur/ros2_ws/src/build/my_maze_package/prefix_override:/usr/lib/python3/dist-packages/colcon_core/task/python/colcon_distutils_commands:/home/arthur/ros2_ws/src/install/my_maze_package/lib/python3.10/site-packages:${PYTHONPATH} /usr/bin/python3 -W ignore:setup.py install is deprecated setup.py develop --editable --build-directory /home/arthur/ros2_ws/src/build/my_maze_package/build --no-deps symlink_data
[0.583s] running develop
[0.583s] /usr/lib/python3/dist-packages/setuptools/command/easy_install.py:158: EasyInstallDeprecationWarning: easy_install command is deprecated. Use build and pip and other standards-based tools.
[0.583s]   warnings.warn(
[0.673s] running egg_info
[0.673s] writing my_maze_package.egg-info/PKG-INFO
[0.674s] writing dependency_links to my_maze_package.egg-info/dependency_links.txt
[0.674s] writing entry points to my_maze_package.egg-info/entry_points.txt
[0.674s] writing requirements to my_maze_package.egg-info/requires.txt
[0.674s] writing top-level names to my_maze_package.egg-info/top_level.txt
[0.675s] reading manifest file 'my_maze_package.egg-info/SOURCES.txt'
[0.676s] writing manifest file 'my_maze_package.egg-info/SOURCES.txt'
[0.677s] running build_ext
[0.677s] Creating /home/arthur/ros2_ws/src/install/my_maze_package/lib/python3.10/site-packages/my-maze-package.egg-link (link to .)
[0.678s] Installing goal_publisher script to /home/arthur/ros2_ws/src/install/my_maze_package/lib/my_maze_package
[0.678s] Installing map_publisher script to /home/arthur/ros2_ws/src/install/my_maze_package/lib/my_maze_package
[0.678s] Installing path_visualizer script to /home/arthur/ros2_ws/src/install/my_maze_package/lib/my_maze_package
[0.678s] Installing pathfinding_node script to /home/arthur/ros2_ws/src/install/my_maze_package/lib/my_maze_package
[0.679s] Installing start_publisher script to /home/arthur/ros2_ws/src/install/my_maze_package/lib/my_maze_package
[0.679s] 
[0.679s] Installed /home/arthur/ros2_ws/src/build/my_maze_package
[0.679s] running symlink_data
[0.700s] Invoked command in '/home/arthur/ros2_ws/src/build/my_maze_package' returned '0': PYTHONPATH=/home/arthur/ros2_ws/src/build/my_maze_package/prefix_override:/usr/lib/python3/dist-packages/colcon_core/task/python/colcon_distutils_commands:/home/arthur/ros2_ws/src/install/my_maze_package/lib/python3.10/site-packages:${PYTHONPATH} /usr/bin/python3 -W ignore:setup.py install is deprecated setup.py develop --editable --build-directory /home/arthur/ros2_ws/src/build/my_maze_package/build --no-deps symlink_data
