[0.340s] Invoking command in '/home/arthur/ros2_ws/src/my_maze_package': PYTHONPATH=/home/arthur/ros2_ws/build/my_maze_package/prefix_override:/usr/lib/python3/dist-packages/colcon_core/task/python/colcon_distutils_commands:/home/arthur/ros2_ws/install/my_maze_package/lib/python3.10/site-packages:${PYTHONPATH} /usr/bin/python3 -W ignore:setup.py install is deprecated setup.py egg_info --egg-base ../../build/my_maze_package build --build-base /home/arthur/ros2_ws/build/my_maze_package/build install --record /home/arthur/ros2_ws/build/my_maze_package/install.log --single-version-externally-managed install_data
[0.488s] running egg_info
[0.489s] writing ../../build/my_maze_package/my_maze_package.egg-info/PKG-INFO
[0.489s] writing dependency_links to ../../build/my_maze_package/my_maze_package.egg-info/dependency_links.txt
[0.489s] writing entry points to ../../build/my_maze_package/my_maze_package.egg-info/entry_points.txt
[0.489s] writing requirements to ../../build/my_maze_package/my_maze_package.egg-info/requires.txt
[0.489s] writing top-level names to ../../build/my_maze_package/my_maze_package.egg-info/top_level.txt
[0.490s] reading manifest file '../../build/my_maze_package/my_maze_package.egg-info/SOURCES.txt'
[0.491s] writing manifest file '../../build/my_maze_package/my_maze_package.egg-info/SOURCES.txt'
[0.491s] running build
[0.491s] running build_py
[0.491s] copying my_maze_package/maze_visualizer.py -> /home/arthur/ros2_ws/build/my_maze_package/build/lib/my_maze_package
[0.492s] running install
[0.492s] running install_lib
[0.492s] copying /home/arthur/ros2_ws/build/my_maze_package/build/lib/my_maze_package/maze_visualizer.py -> /home/arthur/ros2_ws/install/my_maze_package/lib/python3.10/site-packages/my_maze_package
[0.493s] byte-compiling /home/arthur/ros2_ws/install/my_maze_package/lib/python3.10/site-packages/my_maze_package/maze_visualizer.py to maze_visualizer.cpython-310.pyc
[0.493s] running install_data
[0.493s] running install_egg_info
[0.495s] removing '/home/arthur/ros2_ws/install/my_maze_package/lib/python3.10/site-packages/my_maze_package-0.0.0-py3.10.egg-info' (and everything under it)
[0.495s] Copying ../../build/my_maze_package/my_maze_package.egg-info to /home/arthur/ros2_ws/install/my_maze_package/lib/python3.10/site-packages/my_maze_package-0.0.0-py3.10.egg-info
[0.495s] running install_scripts
[0.511s] Installing goal_publisher script to /home/arthur/ros2_ws/install/my_maze_package/lib/my_maze_package
[0.512s] Installing map_publisher script to /home/arthur/ros2_ws/install/my_maze_package/lib/my_maze_package
[0.512s] Installing maze_visualizer script to /home/arthur/ros2_ws/install/my_maze_package/lib/my_maze_package
[0.512s] Installing path_planner script to /home/arthur/ros2_ws/install/my_maze_package/lib/my_maze_package
[0.512s] Installing start_publisher script to /home/arthur/ros2_ws/install/my_maze_package/lib/my_maze_package
[0.512s] writing list of installed files to '/home/arthur/ros2_ws/build/my_maze_package/install.log'
[0.528s] Invoked command in '/home/arthur/ros2_ws/src/my_maze_package' returned '0': PYTHONPATH=/home/arthur/ros2_ws/build/my_maze_package/prefix_override:/usr/lib/python3/dist-packages/colcon_core/task/python/colcon_distutils_commands:/home/arthur/ros2_ws/install/my_maze_package/lib/python3.10/site-packages:${PYTHONPATH} /usr/bin/python3 -W ignore:setup.py install is deprecated setup.py egg_info --egg-base ../../build/my_maze_package build --build-base /home/arthur/ros2_ws/build/my_maze_package/build install --record /home/arthur/ros2_ws/build/my_maze_package/install.log --single-version-externally-managed install_data
