running egg_info
writing ../../build/my_maze_package/my_maze_package.egg-info/PKG-INFO
writing dependency_links to ../../build/my_maze_package/my_maze_package.egg-info/dependency_links.txt
writing entry points to ../../build/my_maze_package/my_maze_package.egg-info/entry_points.txt
writing requirements to ../../build/my_maze_package/my_maze_package.egg-info/requires.txt
writing top-level names to ../../build/my_maze_package/my_maze_package.egg-info/top_level.txt
reading manifest file '../../build/my_maze_package/my_maze_package.egg-info/SOURCES.txt'
writing manifest file '../../build/my_maze_package/my_maze_package.egg-info/SOURCES.txt'
running build
running build_py
copying my_maze_package/maze_visualizer.py -> /home/arthur/ros2_ws/build/my_maze_package/build/lib/my_maze_package
running install
running install_lib
copying /home/arthur/ros2_ws/build/my_maze_package/build/lib/my_maze_package/maze_visualizer.py -> /home/arthur/ros2_ws/install/my_maze_package/lib/python3.10/site-packages/my_maze_package
byte-compiling /home/arthur/ros2_ws/install/my_maze_package/lib/python3.10/site-packages/my_maze_package/maze_visualizer.py to maze_visualizer.cpython-310.pyc
running install_data
running install_egg_info
removing '/home/arthur/ros2_ws/install/my_maze_package/lib/python3.10/site-packages/my_maze_package-0.0.0-py3.10.egg-info' (and everything under it)
Copying ../../build/my_maze_package/my_maze_package.egg-info to /home/arthur/ros2_ws/install/my_maze_package/lib/python3.10/site-packages/my_maze_package-0.0.0-py3.10.egg-info
running install_scripts
Installing goal_publisher script to /home/arthur/ros2_ws/install/my_maze_package/lib/my_maze_package
Installing map_publisher script to /home/arthur/ros2_ws/install/my_maze_package/lib/my_maze_package
Installing maze_visualizer script to /home/arthur/ros2_ws/install/my_maze_package/lib/my_maze_package
Installing path_planner script to /home/arthur/ros2_ws/install/my_maze_package/lib/my_maze_package
Installing start_publisher script to /home/arthur/ros2_ws/install/my_maze_package/lib/my_maze_package
writing list of installed files to '/home/arthur/ros2_ws/build/my_maze_package/install.log'
