[0.458s] Invoking command in '/home/arthur/ros2_ws/src/build/my_maze_package': PYTHONPATH=/home/arthur/ros2_ws/src/build/my_maze_package/prefix_override:/usr/lib/python3/dist-packages/colcon_core/task/python/colcon_distutils_commands:/home/arthur/ros2_ws/src/install/my_maze_package/lib/python3.10/site-packages:${PYTHONPATH} /usr/bin/python3 -W ignore:setup.py install is deprecated setup.py develop --editable --build-directory /home/arthur/ros2_ws/src/build/my_maze_package/build --no-deps symlink_data --force
[0.608s] running develop
[0.608s] /usr/lib/python3/dist-packages/setuptools/command/easy_install.py:158: EasyInstallDeprecationWarning: easy_install command is deprecated. Use build and pip and other standards-based tools.
[0.608s]   warnings.warn(
[0.703s] running egg_info
[0.703s] writing my_maze_package.egg-info/PKG-INFO
[0.703s] writing dependency_links to my_maze_package.egg-info/dependency_links.txt
[0.704s] writing entry points to my_maze_package.egg-info/entry_points.txt
[0.704s] writing requirements to my_maze_package.egg-info/requires.txt
[0.704s] writing top-level names to my_maze_package.egg-info/top_level.txt
[0.705s] reading manifest file 'my_maze_package.egg-info/SOURCES.txt'
[0.707s] writing manifest file 'my_maze_package.egg-info/SOURCES.txt'
[0.708s] running build_ext
[0.708s] Creating /home/arthur/ros2_ws/src/install/my_maze_package/lib/python3.10/site-packages/my-maze-package.egg-link (link to .)
[0.709s] Installing goal_publisher script to /home/arthur/ros2_ws/src/install/my_maze_package/lib/my_maze_package
[0.710s] Installing map_publisher script to /home/arthur/ros2_ws/src/install/my_maze_package/lib/my_maze_package
[0.710s] Installing path_visualizer script to /home/arthur/ros2_ws/src/install/my_maze_package/lib/my_maze_package
[0.710s] Installing pathfinding_node script to /home/arthur/ros2_ws/src/install/my_maze_package/lib/my_maze_package
[0.710s] Installing start_publisher script to /home/arthur/ros2_ws/src/install/my_maze_package/lib/my_maze_package
[0.711s] 
[0.711s] Installed /home/arthur/ros2_ws/src/build/my_maze_package
[0.711s] running symlink_data
[0.712s] symbolically linking /home/arthur/ros2_ws/src/build/my_maze_package/resource/my_maze_package -> /home/arthur/ros2_ws/src/install/my_maze_package/share/ament_index/resource_index/packages
[0.712s] symbolically linking /home/arthur/ros2_ws/src/build/my_maze_package/package.xml -> /home/arthur/ros2_ws/src/install/my_maze_package/share/my_maze_package
[0.730s] Invoked command in '/home/arthur/ros2_ws/src/build/my_maze_package' returned '0': PYTHONPATH=/home/arthur/ros2_ws/src/build/my_maze_package/prefix_override:/usr/lib/python3/dist-packages/colcon_core/task/python/colcon_distutils_commands:/home/arthur/ros2_ws/src/install/my_maze_package/lib/python3.10/site-packages:${PYTHONPATH} /usr/bin/python3 -W ignore:setup.py install is deprecated setup.py develop --editable --build-directory /home/arthur/ros2_ws/src/build/my_maze_package/build --no-deps symlink_data --force
