[0.498s] Invoking command in '/home/arthur/ros2_ws/build/my_maze_package': PYTHONPATH=/home/arthur/ros2_ws/build/my_maze_package/prefix_override:/usr/lib/python3/dist-packages/colcon_core/task/python/colcon_distutils_commands:/home/arthur/ros2_ws/install/my_maze_package/lib/python3.10/site-packages:${PYTHONPATH} /usr/bin/python3 -W ignore:setup.py install is deprecated setup.py develop --editable --build-directory /home/arthur/ros2_ws/build/my_maze_package/build --no-deps symlink_data
[0.668s] running develop
[0.669s] /usr/lib/python3/dist-packages/setuptools/command/easy_install.py:158: EasyInstallDeprecationWarning: easy_install command is deprecated. Use build and pip and other standards-based tools.
[0.669s]   warnings.warn(
[0.760s] running egg_info
[0.760s] writing my_maze_package.egg-info/PKG-INFO
[0.760s] writing dependency_links to my_maze_package.egg-info/dependency_links.txt
[0.761s] writing entry points to my_maze_package.egg-info/entry_points.txt
[0.761s] writing requirements to my_maze_package.egg-info/requires.txt
[0.761s] writing top-level names to my_maze_package.egg-info/top_level.txt
[0.763s] reading manifest file 'my_maze_package.egg-info/SOURCES.txt'
[0.763s] writing manifest file 'my_maze_package.egg-info/SOURCES.txt'
[0.764s] running build_ext
[0.765s] Creating /home/arthur/ros2_ws/install/my_maze_package/lib/python3.10/site-packages/my-maze-package.egg-link (link to .)
[0.766s] Installing goal_publisher script to /home/arthur/ros2_ws/install/my_maze_package/lib/my_maze_package
[0.766s] Installing map_publisher script to /home/arthur/ros2_ws/install/my_maze_package/lib/my_maze_package
[0.766s] Installing path_visualizer script to /home/arthur/ros2_ws/install/my_maze_package/lib/my_maze_package
[0.766s] Installing pathfinding_node script to /home/arthur/ros2_ws/install/my_maze_package/lib/my_maze_package
[0.766s] Installing start_publisher script to /home/arthur/ros2_ws/install/my_maze_package/lib/my_maze_package
[0.767s] 
[0.767s] Installed /home/arthur/ros2_ws/build/my_maze_package
[0.767s] running symlink_data
[0.788s] Invoked command in '/home/arthur/ros2_ws/build/my_maze_package' returned '0': PYTHONPATH=/home/arthur/ros2_ws/build/my_maze_package/prefix_override:/usr/lib/python3/dist-packages/colcon_core/task/python/colcon_distutils_commands:/home/arthur/ros2_ws/install/my_maze_package/lib/python3.10/site-packages:${PYTHONPATH} /usr/bin/python3 -W ignore:setup.py install is deprecated setup.py develop --editable --build-directory /home/arthur/ros2_ws/build/my_maze_package/build --no-deps symlink_data
