[0.369s] Invoking command in '/home/arthur/ros2_ws/src/my_maze_package': PYTHONPATH=/home/arthur/ros2_ws/build/my_maze_package/prefix_override:/usr/lib/python3/dist-packages/colcon_core/task/python/colcon_distutils_commands:/home/arthur/ros2_ws/install/my_maze_package/lib/python3.10/site-packages:${PYTHONPATH} /usr/bin/python3 -W ignore:setup.py install is deprecated setup.py egg_info --egg-base ../../build/my_maze_package build --build-base /home/arthur/ros2_ws/build/my_maze_package/build install --record /home/arthur/ros2_ws/build/my_maze_package/install.log --single-version-externally-managed install_data
[0.510s] running egg_info
[0.510s] creating ../../build/my_maze_package/my_maze_package.egg-info
[0.510s] writing ../../build/my_maze_package/my_maze_package.egg-info/PKG-INFO
[0.510s] writing dependency_links to ../../build/my_maze_package/my_maze_package.egg-info/dependency_links.txt
[0.510s] writing entry points to ../../build/my_maze_package/my_maze_package.egg-info/entry_points.txt
[0.511s] writing requirements to ../../build/my_maze_package/my_maze_package.egg-info/requires.txt
[0.511s] writing top-level names to ../../build/my_maze_package/my_maze_package.egg-info/top_level.txt
[0.511s] writing manifest file '../../build/my_maze_package/my_maze_package.egg-info/SOURCES.txt'
[0.512s] reading manifest file '../../build/my_maze_package/my_maze_package.egg-info/SOURCES.txt'
[0.513s] writing manifest file '../../build/my_maze_package/my_maze_package.egg-info/SOURCES.txt'
[0.513s] running build
[0.513s] running build_py
[0.513s] creating /home/arthur/ros2_ws/build/my_maze_package/build
[0.513s] creating /home/arthur/ros2_ws/build/my_maze_package/build/lib
[0.513s] creating /home/arthur/ros2_ws/build/my_maze_package/build/lib/my_maze_package
[0.513s] copying my_maze_package/goal_publisher.py -> /home/arthur/ros2_ws/build/my_maze_package/build/lib/my_maze_package
[0.514s] copying my_maze_package/map_publisher.py -> /home/arthur/ros2_ws/build/my_maze_package/build/lib/my_maze_package
[0.514s] copying my_maze_package/__init__.py -> /home/arthur/ros2_ws/build/my_maze_package/build/lib/my_maze_package
[0.514s] copying my_maze_package/start_publisher.py -> /home/arthur/ros2_ws/build/my_maze_package/build/lib/my_maze_package
[0.514s] running install
[0.514s] running install_lib
[0.515s] creating /home/arthur/ros2_ws/install/my_maze_package/lib/python3.10/site-packages/my_maze_package
[0.515s] copying /home/arthur/ros2_ws/build/my_maze_package/build/lib/my_maze_package/goal_publisher.py -> /home/arthur/ros2_ws/install/my_maze_package/lib/python3.10/site-packages/my_maze_package
[0.515s] copying /home/arthur/ros2_ws/build/my_maze_package/build/lib/my_maze_package/map_publisher.py -> /home/arthur/ros2_ws/install/my_maze_package/lib/python3.10/site-packages/my_maze_package
[0.515s] copying /home/arthur/ros2_ws/build/my_maze_package/build/lib/my_maze_package/__init__.py -> /home/arthur/ros2_ws/install/my_maze_package/lib/python3.10/site-packages/my_maze_package
[0.515s] copying /home/arthur/ros2_ws/build/my_maze_package/build/lib/my_maze_package/start_publisher.py -> /home/arthur/ros2_ws/install/my_maze_package/lib/python3.10/site-packages/my_maze_package
[0.515s] byte-compiling /home/arthur/ros2_ws/install/my_maze_package/lib/python3.10/site-packages/my_maze_package/goal_publisher.py to goal_publisher.cpython-310.pyc
[0.516s] byte-compiling /home/arthur/ros2_ws/install/my_maze_package/lib/python3.10/site-packages/my_maze_package/map_publisher.py to map_publisher.cpython-310.pyc
[0.516s] byte-compiling /home/arthur/ros2_ws/install/my_maze_package/lib/python3.10/site-packages/my_maze_package/__init__.py to __init__.cpython-310.pyc
[0.516s] byte-compiling /home/arthur/ros2_ws/install/my_maze_package/lib/python3.10/site-packages/my_maze_package/start_publisher.py to start_publisher.cpython-310.pyc
[0.517s] running install_data
[0.517s] creating /home/arthur/ros2_ws/install/my_maze_package/share/ament_index
[0.517s] creating /home/arthur/ros2_ws/install/my_maze_package/share/ament_index/resource_index
[0.517s] creating /home/arthur/ros2_ws/install/my_maze_package/share/ament_index/resource_index/packages
[0.517s] copying resource/my_maze_package -> /home/arthur/ros2_ws/install/my_maze_package/share/ament_index/resource_index/packages
[0.517s] copying package.xml -> /home/arthur/ros2_ws/install/my_maze_package/share/my_maze_package
[0.517s] running install_egg_info
[0.519s] Copying ../../build/my_maze_package/my_maze_package.egg-info to /home/arthur/ros2_ws/install/my_maze_package/lib/python3.10/site-packages/my_maze_package-0.0.0-py3.10.egg-info
[0.519s] running install_scripts
[0.533s] Installing goal_publisher script to /home/arthur/ros2_ws/install/my_maze_package/lib/my_maze_package
[0.533s] Installing map_publisher script to /home/arthur/ros2_ws/install/my_maze_package/lib/my_maze_package
[0.534s] Installing start_publisher script to /home/arthur/ros2_ws/install/my_maze_package/lib/my_maze_package
[0.534s] writing list of installed files to '/home/arthur/ros2_ws/build/my_maze_package/install.log'
[0.550s] Invoked command in '/home/arthur/ros2_ws/src/my_maze_package' returned '0': PYTHONPATH=/home/arthur/ros2_ws/build/my_maze_package/prefix_override:/usr/lib/python3/dist-packages/colcon_core/task/python/colcon_distutils_commands:/home/arthur/ros2_ws/install/my_maze_package/lib/python3.10/site-packages:${PYTHONPATH} /usr/bin/python3 -W ignore:setup.py install is deprecated setup.py egg_info --egg-base ../../build/my_maze_package build --build-base /home/arthur/ros2_ws/build/my_maze_package/build install --record /home/arthur/ros2_ws/build/my_maze_package/install.log --single-version-externally-managed install_data
